<?xml version="1.0" encoding="UTF-8"?>
<testsuite xmlns:xsi="http://www.w3.org/2001/XMLSchema-instance" xsi:noNamespaceSchemaLocation="https://maven.apache.org/surefire/maven-surefire-plugin/xsd/surefire-test-report.xsd" name="cucumber.Options.TestRunner" time="0.772" tests="0" errors="0" skipped="0" failures="0">
  <properties>
    <property name="java.specification.version" value="14"/>
    <property name="sun.cpu.isalist" value="amd64"/>
    <property name="sun.jnu.encoding" value="Cp1252"/>
    <property name="java.class.path" value="C:\workspace\API_Framework\target\test-classes;C:\workspace\API_Framework\target\classes;C:\Users\SysAdmin\.m2\repository\org\codehaus\groovy\groovy\3.0.4\groovy-3.0.4.jar;C:\Users\SysAdmin\.m2\repository\org\codehaus\groovy\groovy-ant\3.0.4\groovy-ant-3.0.4.jar;C:\Users\SysAdmin\.m2\repository\org\apache\ant\ant-junit\1.10.8\ant-junit-1.10.8.jar;C:\Users\SysAdmin\.m2\repository\org\apache\ant\ant-launcher\1.10.8\ant-launcher-1.10.8.jar;C:\Users\SysAdmin\.m2\repository\org\apache\ant\ant-antlr\1.10.8\ant-antlr-1.10.8.jar;C:\Users\SysAdmin\.m2\repository\org\codehaus\groovy\groovy-astbuilder\3.0.4\groovy-astbuilder-3.0.4.jar;C:\Users\SysAdmin\.m2\repository\org\codehaus\groovy\groovy-cli-picocli\3.0.4\groovy-cli-picocli-3.0.4.jar;C:\Users\SysAdmin\.m2\repository\info\picocli\picocli\4.3.2\picocli-4.3.2.jar;C:\Users\SysAdmin\.m2\repository\org\codehaus\groovy\groovy-console\3.0.4\groovy-console-3.0.4.jar;C:\Users\SysAdmin\.m2\repository\org\codehaus\groovy\groovy-datetime\3.0.4\groovy-datetime-3.0.4.jar;C:\Users\SysAdmin\.m2\repository\org\codehaus\groovy\groovy-docgenerator\3.0.4\groovy-docgenerator-3.0.4.jar;C:\Users\SysAdmin\.m2\repository\com\thoughtworks\qdox\qdox\1.12.1\qdox-1.12.1.jar;C:\Users\SysAdmin\.m2\repository\org\codehaus\groovy\groovy-groovydoc\3.0.4\groovy-groovydoc-3.0.4.jar;C:\Users\SysAdmin\.m2\repository\com\github\javaparser\javaparser-core\3.15.22\javaparser-core-3.15.22.jar;C:\Users\SysAdmin\.m2\repository\org\codehaus\groovy\groovy-groovysh\3.0.4\groovy-groovysh-3.0.4.jar;C:\Users\SysAdmin\.m2\repository\jline\jline\2.14.6\jline-2.14.6.jar;C:\Users\SysAdmin\.m2\repository\org\codehaus\groovy\groovy-jmx\3.0.4\groovy-jmx-3.0.4.jar;C:\Users\SysAdmin\.m2\repository\org\codehaus\groovy\groovy-json\3.0.4\groovy-json-3.0.4.jar;C:\Users\SysAdmin\.m2\repository\org\codehaus\groovy\groovy-jsr223\3.0.4\groovy-jsr223-3.0.4.jar;C:\Users\SysAdmin\.m2\repository\org\codehaus\groovy\groovy-macro\3.0.4\groovy-macro-3.0.4.jar;C:\Users\SysAdmin\.m2\repository\org\codehaus\groovy\groovy-nio\3.0.4\groovy-nio-3.0.4.jar;C:\Users\SysAdmin\.m2\repository\org\codehaus\groovy\groovy-servlet\3.0.4\groovy-servlet-3.0.4.jar;C:\Users\SysAdmin\.m2\repository\org\codehaus\groovy\groovy-sql\3.0.4\groovy-sql-3.0.4.jar;C:\Users\SysAdmin\.m2\repository\org\codehaus\groovy\groovy-swing\3.0.4\groovy-swing-3.0.4.jar;C:\Users\SysAdmin\.m2\repository\org\codehaus\groovy\groovy-templates\3.0.4\groovy-templates-3.0.4.jar;C:\Users\SysAdmin\.m2\repository\org\codehaus\groovy\groovy-test\3.0.4\groovy-test-3.0.4.jar;C:\Users\SysAdmin\.m2\repository\org\codehaus\groovy\groovy-test-junit5\3.0.4\groovy-test-junit5-3.0.4.jar;C:\Users\SysAdmin\.m2\repository\org\junit\platform\junit-platform-launcher\1.6.2\junit-platform-launcher-1.6.2.jar;C:\Users\SysAdmin\.m2\repository\org\junit\platform\junit-platform-engine\1.6.2\junit-platform-engine-1.6.2.jar;C:\Users\SysAdmin\.m2\repository\org\opentest4j\opentest4j\1.2.0\opentest4j-1.2.0.jar;C:\Users\SysAdmin\.m2\repository\org\junit\platform\junit-platform-commons\1.6.2\junit-platform-commons-1.6.2.jar;C:\Users\SysAdmin\.m2\repository\org\junit\jupiter\junit-jupiter-engine\5.6.2\junit-jupiter-engine-5.6.2.jar;C:\Users\SysAdmin\.m2\repository\org\junit\jupiter\junit-jupiter-api\5.6.2\junit-jupiter-api-5.6.2.jar;C:\Users\SysAdmin\.m2\repository\org\codehaus\groovy\groovy-testng\3.0.4\groovy-testng-3.0.4.jar;C:\Users\SysAdmin\.m2\repository\org\codehaus\groovy\groovy-xml\3.0.4\groovy-xml-3.0.4.jar;C:\Users\SysAdmin\.m2\repository\junit\junit\4.12\junit-4.12.jar;C:\Users\SysAdmin\.m2\repository\org\hamcrest\hamcrest-core\1.3\hamcrest-core-1.3.jar;C:\Users\SysAdmin\.m2\repository\info\cukes\cucumber-java\1.2.5\cucumber-java-1.2.5.jar;C:\Users\SysAdmin\.m2\repository\info\cukes\cucumber-core\1.2.5\cucumber-core-1.2.5.jar;C:\Users\SysAdmin\.m2\repository\info\cukes\cucumber-html\0.2.3\cucumber-html-0.2.3.jar;C:\Users\SysAdmin\.m2\repository\info\cukes\cucumber-jvm-deps\1.0.5\cucumber-jvm-deps-1.0.5.jar;C:\Users\SysAdmin\.m2\repository\info\cukes\gherkin\2.12.2\gherkin-2.12.2.jar;C:\Users\SysAdmin\.m2\repository\io\cucumber\cucumber-java\2.0.0\cucumber-java-2.0.0.jar;C:\Users\SysAdmin\.m2\repository\io\cucumber\cucumber-core\2.0.0\cucumber-core-2.0.0.jar;C:\Users\SysAdmin\.m2\repository\io\cucumber\cucumber-jvm-deps\1.0.6\cucumber-jvm-deps-1.0.6.jar;C:\Users\SysAdmin\.m2\repository\io\cucumber\gherkin\4.1.3\gherkin-4.1.3.jar;C:\Users\SysAdmin\.m2\repository\io\cucumber\tag-expressions\1.0.1\tag-expressions-1.0.1.jar;C:\Users\SysAdmin\.m2\repository\io\cucumber\cucumber-junit\4.8.0\cucumber-junit-4.8.0.jar;C:\Users\SysAdmin\.m2\repository\org\apiguardian\apiguardian-api\1.1.0\apiguardian-api-1.1.0.jar;C:\Users\SysAdmin\.m2\repository\info\cukes\cucumber-junit\1.2.5\cucumber-junit-1.2.5.jar;C:\Users\SysAdmin\.m2\repository\io\rest-assured\rest-assured\4.3.1\rest-assured-4.3.1.jar;C:\Users\SysAdmin\.m2\repository\org\apache\httpcomponents\httpclient\4.5.3\httpclient-4.5.3.jar;C:\Users\SysAdmin\.m2\repository\org\apache\httpcomponents\httpcore\4.4.6\httpcore-4.4.6.jar;C:\Users\SysAdmin\.m2\repository\commons-logging\commons-logging\1.2\commons-logging-1.2.jar;C:\Users\SysAdmin\.m2\repository\commons-codec\commons-codec\1.9\commons-codec-1.9.jar;C:\Users\SysAdmin\.m2\repository\org\apache\httpcomponents\httpmime\4.5.3\httpmime-4.5.3.jar;C:\Users\SysAdmin\.m2\repository\org\hamcrest\hamcrest\2.1\hamcrest-2.1.jar;C:\Users\SysAdmin\.m2\repository\org\ccil\cowan\tagsoup\tagsoup\1.2.1\tagsoup-1.2.1.jar;C:\Users\SysAdmin\.m2\repository\io\rest-assured\json-path\4.3.1\json-path-4.3.1.jar;C:\Users\SysAdmin\.m2\repository\io\rest-assured\rest-assured-common\4.3.1\rest-assured-common-4.3.1.jar;C:\Users\SysAdmin\.m2\repository\io\rest-assured\xml-path\4.3.1\xml-path-4.3.1.jar;C:\Users\SysAdmin\.m2\repository\org\apache\commons\commons-lang3\3.4\commons-lang3-3.4.jar;C:\Users\SysAdmin\.m2\repository\jakarta\xml\bind\jakarta.xml.bind-api\2.3.3\jakarta.xml.bind-api-2.3.3.jar;C:\Users\SysAdmin\.m2\repository\jakarta\activation\jakarta.activation-api\1.2.2\jakarta.activation-api-1.2.2.jar;C:\Users\SysAdmin\.m2\repository\com\sun\xml\bind\jaxb-impl\2.3.3\jaxb-impl-2.3.3.jar;C:\Users\SysAdmin\.m2\repository\com\fasterxml\jackson\core\jackson-databind\2.11.2\jackson-databind-2.11.2.jar;C:\Users\SysAdmin\.m2\repository\com\fasterxml\jackson\core\jackson-annotations\2.11.2\jackson-annotations-2.11.2.jar;C:\Users\SysAdmin\.m2\repository\com\fasterxml\jackson\core\jackson-core\2.11.2\jackson-core-2.11.2.jar;C:\Users\SysAdmin\.m2\repository\org\testng\testng\7.3.0\testng-7.3.0.jar;C:\Users\SysAdmin\.m2\repository\com\beust\jcommander\1.78\jcommander-1.78.jar;C:\Users\SysAdmin\.m2\repository\org\apache\ant\ant\1.10.3\ant-1.10.3.jar;C:\Users\SysAdmin\.m2\repository\com\google\inject\guice\4.2.2\guice-4.2.2-no_aop.jar;C:\Users\SysAdmin\.m2\repository\javax\inject\javax.inject\1\javax.inject-1.jar;C:\Users\SysAdmin\.m2\repository\aopalliance\aopalliance\1.0\aopalliance-1.0.jar;C:\Users\SysAdmin\.m2\repository\com\google\guava\guava\25.1-android\guava-25.1-android.jar;C:\Users\SysAdmin\.m2\repository\com\google\code\findbugs\jsr305\3.0.2\jsr305-3.0.2.jar;C:\Users\SysAdmin\.m2\repository\org\checkerframework\checker-compat-qual\2.0.0\checker-compat-qual-2.0.0.jar;C:\Users\SysAdmin\.m2\repository\com\google\errorprone\error_prone_annotations\2.1.3\error_prone_annotations-2.1.3.jar;C:\Users\SysAdmin\.m2\repository\com\google\j2objc\j2objc-annotations\1.1\j2objc-annotations-1.1.jar;C:\Users\SysAdmin\.m2\repository\org\codehaus\mojo\animal-sniffer-annotations\1.14\animal-sniffer-annotations-1.14.jar;C:\Users\SysAdmin\.m2\repository\org\yaml\snakeyaml\1.21\snakeyaml-1.21.jar;"/>
    <property name="java.vm.vendor" value="Oracle Corporation"/>
    <property name="sun.arch.data.model" value="64"/>
    <property name="user.variant" value=""/>
    <property name="java.vendor.url" value="https://java.oracle.com/"/>
    <property name="user.timezone" value="Asia/Calcutta"/>
    <property name="os.name" value="Windows 10"/>
    <property name="java.vm.specification.version" value="14"/>
    <property name="sun.java.launcher" value="SUN_STANDARD"/>
    <property name="user.country" value="US"/>
    <property name="sun.boot.library.path" value="C:\Program Files\Java\jdk-14.0.2\bin"/>
    <property name="sun.java.command" value="C:\Users\SysAdmin\AppData\Local\Temp\surefire5040898763767736301\surefirebooter9209103924557566431.jar C:\Users\SysAdmin\AppData\Local\Temp\surefire5040898763767736301 2020-09-13T16-23-57_952-jvmRun1 surefire8866828867216723123tmp surefire_09917480190872589621tmp"/>
    <property name="jdk.debug" value="release"/>
    <property name="surefire.test.class.path" value="C:\workspace\API_Framework\target\test-classes;C:\workspace\API_Framework\target\classes;C:\Users\SysAdmin\.m2\repository\org\codehaus\groovy\groovy\3.0.4\groovy-3.0.4.jar;C:\Users\SysAdmin\.m2\repository\org\codehaus\groovy\groovy-ant\3.0.4\groovy-ant-3.0.4.jar;C:\Users\SysAdmin\.m2\repository\org\apache\ant\ant-junit\1.10.8\ant-junit-1.10.8.jar;C:\Users\SysAdmin\.m2\repository\org\apache\ant\ant-launcher\1.10.8\ant-launcher-1.10.8.jar;C:\Users\SysAdmin\.m2\repository\org\apache\ant\ant-antlr\1.10.8\ant-antlr-1.10.8.jar;C:\Users\SysAdmin\.m2\repository\org\codehaus\groovy\groovy-astbuilder\3.0.4\groovy-astbuilder-3.0.4.jar;C:\Users\SysAdmin\.m2\repository\org\codehaus\groovy\groovy-cli-picocli\3.0.4\groovy-cli-picocli-3.0.4.jar;C:\Users\SysAdmin\.m2\repository\info\picocli\picocli\4.3.2\picocli-4.3.2.jar;C:\Users\SysAdmin\.m2\repository\org\codehaus\groovy\groovy-console\3.0.4\groovy-console-3.0.4.jar;C:\Users\SysAdmin\.m2\repository\org\codehaus\groovy\groovy-datetime\3.0.4\groovy-datetime-3.0.4.jar;C:\Users\SysAdmin\.m2\repository\org\codehaus\groovy\groovy-docgenerator\3.0.4\groovy-docgenerator-3.0.4.jar;C:\Users\SysAdmin\.m2\repository\com\thoughtworks\qdox\qdox\1.12.1\qdox-1.12.1.jar;C:\Users\SysAdmin\.m2\repository\org\codehaus\groovy\groovy-groovydoc\3.0.4\groovy-groovydoc-3.0.4.jar;C:\Users\SysAdmin\.m2\repository\com\github\javaparser\javaparser-core\3.15.22\javaparser-core-3.15.22.jar;C:\Users\SysAdmin\.m2\repository\org\codehaus\groovy\groovy-groovysh\3.0.4\groovy-groovysh-3.0.4.jar;C:\Users\SysAdmin\.m2\repository\jline\jline\2.14.6\jline-2.14.6.jar;C:\Users\SysAdmin\.m2\repository\org\codehaus\groovy\groovy-jmx\3.0.4\groovy-jmx-3.0.4.jar;C:\Users\SysAdmin\.m2\repository\org\codehaus\groovy\groovy-json\3.0.4\groovy-json-3.0.4.jar;C:\Users\SysAdmin\.m2\repository\org\codehaus\groovy\groovy-jsr223\3.0.4\groovy-jsr223-3.0.4.jar;C:\Users\SysAdmin\.m2\repository\org\codehaus\groovy\groovy-macro\3.0.4\groovy-macro-3.0.4.jar;C:\Users\SysAdmin\.m2\repository\org\codehaus\groovy\groovy-nio\3.0.4\groovy-nio-3.0.4.jar;C:\Users\SysAdmin\.m2\repository\org\codehaus\groovy\groovy-servlet\3.0.4\groovy-servlet-3.0.4.jar;C:\Users\SysAdmin\.m2\repository\org\codehaus\groovy\groovy-sql\3.0.4\groovy-sql-3.0.4.jar;C:\Users\SysAdmin\.m2\repository\org\codehaus\groovy\groovy-swing\3.0.4\groovy-swing-3.0.4.jar;C:\Users\SysAdmin\.m2\repository\org\codehaus\groovy\groovy-templates\3.0.4\groovy-templates-3.0.4.jar;C:\Users\SysAdmin\.m2\repository\org\codehaus\groovy\groovy-test\3.0.4\groovy-test-3.0.4.jar;C:\Users\SysAdmin\.m2\repository\org\codehaus\groovy\groovy-test-junit5\3.0.4\groovy-test-junit5-3.0.4.jar;C:\Users\SysAdmin\.m2\repository\org\junit\platform\junit-platform-launcher\1.6.2\junit-platform-launcher-1.6.2.jar;C:\Users\SysAdmin\.m2\repository\org\junit\platform\junit-platform-engine\1.6.2\junit-platform-engine-1.6.2.jar;C:\Users\SysAdmin\.m2\repository\org\opentest4j\opentest4j\1.2.0\opentest4j-1.2.0.jar;C:\Users\SysAdmin\.m2\repository\org\junit\platform\junit-platform-commons\1.6.2\junit-platform-commons-1.6.2.jar;C:\Users\SysAdmin\.m2\repository\org\junit\jupiter\junit-jupiter-engine\5.6.2\junit-jupiter-engine-5.6.2.jar;C:\Users\SysAdmin\.m2\repository\org\junit\jupiter\junit-jupiter-api\5.6.2\junit-jupiter-api-5.6.2.jar;C:\Users\SysAdmin\.m2\repository\org\codehaus\groovy\groovy-testng\3.0.4\groovy-testng-3.0.4.jar;C:\Users\SysAdmin\.m2\repository\org\codehaus\groovy\groovy-xml\3.0.4\groovy-xml-3.0.4.jar;C:\Users\SysAdmin\.m2\repository\junit\junit\4.12\junit-4.12.jar;C:\Users\SysAdmin\.m2\repository\org\hamcrest\hamcrest-core\1.3\hamcrest-core-1.3.jar;C:\Users\SysAdmin\.m2\repository\info\cukes\cucumber-java\1.2.5\cucumber-java-1.2.5.jar;C:\Users\SysAdmin\.m2\repository\info\cukes\cucumber-core\1.2.5\cucumber-core-1.2.5.jar;C:\Users\SysAdmin\.m2\repository\info\cukes\cucumber-html\0.2.3\cucumber-html-0.2.3.jar;C:\Users\SysAdmin\.m2\repository\info\cukes\cucumber-jvm-deps\1.0.5\cucumber-jvm-deps-1.0.5.jar;C:\Users\SysAdmin\.m2\repository\info\cukes\gherkin\2.12.2\gherkin-2.12.2.jar;C:\Users\SysAdmin\.m2\repository\io\cucumber\cucumber-java\2.0.0\cucumber-java-2.0.0.jar;C:\Users\SysAdmin\.m2\repository\io\cucumber\cucumber-core\2.0.0\cucumber-core-2.0.0.jar;C:\Users\SysAdmin\.m2\repository\io\cucumber\cucumber-jvm-deps\1.0.6\cucumber-jvm-deps-1.0.6.jar;C:\Users\SysAdmin\.m2\repository\io\cucumber\gherkin\4.1.3\gherkin-4.1.3.jar;C:\Users\SysAdmin\.m2\repository\io\cucumber\tag-expressions\1.0.1\tag-expressions-1.0.1.jar;C:\Users\SysAdmin\.m2\repository\io\cucumber\cucumber-junit\4.8.0\cucumber-junit-4.8.0.jar;C:\Users\SysAdmin\.m2\repository\org\apiguardian\apiguardian-api\1.1.0\apiguardian-api-1.1.0.jar;C:\Users\SysAdmin\.m2\repository\info\cukes\cucumber-junit\1.2.5\cucumber-junit-1.2.5.jar;C:\Users\SysAdmin\.m2\repository\io\rest-assured\rest-assured\4.3.1\rest-assured-4.3.1.jar;C:\Users\SysAdmin\.m2\repository\org\apache\httpcomponents\httpclient\4.5.3\httpclient-4.5.3.jar;C:\Users\SysAdmin\.m2\repository\org\apache\httpcomponents\httpcore\4.4.6\httpcore-4.4.6.jar;C:\Users\SysAdmin\.m2\repository\commons-logging\commons-logging\1.2\commons-logging-1.2.jar;C:\Users\SysAdmin\.m2\repository\commons-codec\commons-codec\1.9\commons-codec-1.9.jar;C:\Users\SysAdmin\.m2\repository\org\apache\httpcomponents\httpmime\4.5.3\httpmime-4.5.3.jar;C:\Users\SysAdmin\.m2\repository\org\hamcrest\hamcrest\2.1\hamcrest-2.1.jar;C:\Users\SysAdmin\.m2\repository\org\ccil\cowan\tagsoup\tagsoup\1.2.1\tagsoup-1.2.1.jar;C:\Users\SysAdmin\.m2\repository\io\rest-assured\json-path\4.3.1\json-path-4.3.1.jar;C:\Users\SysAdmin\.m2\repository\io\rest-assured\rest-assured-common\4.3.1\rest-assured-common-4.3.1.jar;C:\Users\SysAdmin\.m2\repository\io\rest-assured\xml-path\4.3.1\xml-path-4.3.1.jar;C:\Users\SysAdmin\.m2\repository\org\apache\commons\commons-lang3\3.4\commons-lang3-3.4.jar;C:\Users\SysAdmin\.m2\repository\jakarta\xml\bind\jakarta.xml.bind-api\2.3.3\jakarta.xml.bind-api-2.3.3.jar;C:\Users\SysAdmin\.m2\repository\jakarta\activation\jakarta.activation-api\1.2.2\jakarta.activation-api-1.2.2.jar;C:\Users\SysAdmin\.m2\repository\com\sun\xml\bind\jaxb-impl\2.3.3\jaxb-impl-2.3.3.jar;C:\Users\SysAdmin\.m2\repository\com\fasterxml\jackson\core\jackson-databind\2.11.2\jackson-databind-2.11.2.jar;C:\Users\SysAdmin\.m2\repository\com\fasterxml\jackson\core\jackson-annotations\2.11.2\jackson-annotations-2.11.2.jar;C:\Users\SysAdmin\.m2\repository\com\fasterxml\jackson\core\jackson-core\2.11.2\jackson-core-2.11.2.jar;C:\Users\SysAdmin\.m2\repository\org\testng\testng\7.3.0\testng-7.3.0.jar;C:\Users\SysAdmin\.m2\repository\com\beust\jcommander\1.78\jcommander-1.78.jar;C:\Users\SysAdmin\.m2\repository\org\apache\ant\ant\1.10.3\ant-1.10.3.jar;C:\Users\SysAdmin\.m2\repository\com\google\inject\guice\4.2.2\guice-4.2.2-no_aop.jar;C:\Users\SysAdmin\.m2\repository\javax\inject\javax.inject\1\javax.inject-1.jar;C:\Users\SysAdmin\.m2\repository\aopalliance\aopalliance\1.0\aopalliance-1.0.jar;C:\Users\SysAdmin\.m2\repository\com\google\guava\guava\25.1-android\guava-25.1-android.jar;C:\Users\SysAdmin\.m2\repository\com\google\code\findbugs\jsr305\3.0.2\jsr305-3.0.2.jar;C:\Users\SysAdmin\.m2\repository\org\checkerframework\checker-compat-qual\2.0.0\checker-compat-qual-2.0.0.jar;C:\Users\SysAdmin\.m2\repository\com\google\errorprone\error_prone_annotations\2.1.3\error_prone_annotations-2.1.3.jar;C:\Users\SysAdmin\.m2\repository\com\google\j2objc\j2objc-annotations\1.1\j2objc-annotations-1.1.jar;C:\Users\SysAdmin\.m2\repository\org\codehaus\mojo\animal-sniffer-annotations\1.14\animal-sniffer-annotations-1.14.jar;C:\Users\SysAdmin\.m2\repository\org\yaml\snakeyaml\1.21\snakeyaml-1.21.jar;"/>
    <property name="sun.cpu.endian" value="little"/>
    <property name="user.home" value="C:\Users\SysAdmin"/>
    <property name="user.language" value="en"/>
    <property name="java.specification.vendor" value="Oracle Corporation"/>
    <property name="java.version.date" value="2020-07-14"/>
    <property name="java.home" value="C:\Program Files\Java\jdk-14.0.2"/>
    <property name="file.separator" value="\"/>
    <property name="basedir" value="C:\workspace\API_Framework"/>
    <property name="java.vm.compressedOopsMode" value="32-bit"/>
    <property name="line.separator" value="&#10;"/>
    <property name="java.vm.specification.vendor" value="Oracle Corporation"/>
    <property name="java.specification.name" value="Java Platform API Specification"/>
    <property name="surefire.real.class.path" value="C:\Users\SysAdmin\AppData\Local\Temp\surefire5040898763767736301\surefirebooter9209103924557566431.jar"/>
    <property name="user.script" value=""/>
    <property name="sun.management.compiler" value="HotSpot 64-Bit Tiered Compilers"/>
    <property name="java.runtime.version" value="14.0.2+12-46"/>
    <property name="user.name" value="SysAdmin"/>
    <property name="path.separator" value=";"/>
    <property name="os.version" value="10.0"/>
    <property name="java.runtime.name" value="Java(TM) SE Runtime Environment"/>
    <property name="file.encoding" value="Cp1252"/>
    <property name="java.vm.name" value="Java HotSpot(TM) 64-Bit Server VM"/>
    <property name="localRepository" value="C:\Users\SysAdmin\.m2\repository"/>
    <property name="java.vendor.url.bug" value="https://bugreport.java.com/bugreport/"/>
    <property name="java.io.tmpdir" value="C:\Users\SysAdmin\AppData\Local\Temp\"/>
    <property name="java.version" value="14.0.2"/>
    <property name="user.dir" value="C:\workspace\API_Framework"/>
    <property name="os.arch" value="amd64"/>
    <property name="java.vm.specification.name" value="Java Virtual Machine Specification"/>
    <property name="sun.os.patch.level" value=""/>
    <property name="java.library.path" value="C:\Program Files\Java\jdk-14.0.2\bin;C:\WINDOWS\Sun\Java\bin;C:\WINDOWS\system32;C:\WINDOWS;C:\ProgramData\Oracle\Java\javapath;C:\WINDOWS\system32;C:\WINDOWS;C:\WINDOWS\System32\Wbem;C:\WINDOWS\System32\WindowsPowerShell\v1.0\;C:\Program Files\PuTTY\;C:\WINDOWS\System32\OpenSSH\;C:\Program Files\Java\jdk-14.0.2\bin;C:\Program Files\apache-maven-3.6.3\bin;C:\Users\SysAdmin\AppData\Local\Microsoft\WindowsApps;;."/>
    <property name="java.vm.info" value="mixed mode, sharing"/>
    <property name="java.vendor" value="Oracle Corporation"/>
    <property name="java.vm.version" value="14.0.2+12-46"/>
    <property name="sun.io.unicode.encoding" value="UnicodeLittle"/>
    <property name="java.class.version" value="58.0"/>
  </properties>
</testsuite>